<?xml version="1.0" encoding="UTF-8"?>
<testsuite xmlns:xsi="http://www.w3.org/2001/XMLSchema-instance" xsi:noNamespaceSchemaLocation="https://maven.apache.org/surefire/maven-surefire-plugin/xsd/surefire-test-report-3.0.xsd" version="3.0" name="com.formation.integcontinue.AppTest" time="0.032" tests="1" errors="0" skipped="0" failures="0">
  <properties>
    <property name="java.specification.version" value="21"/>
    <property name="sun.cpu.isalist" value="amd64"/>
    <property name="sun.jnu.encoding" value="Cp1252"/>
    <property name="java.class.path" value="C:\Users\lapTe\Downloads\apache-maven-3.9.9-bin\apache-maven-3.9.9\hello-world-app\target\test-classes;C:\Users\lapTe\Downloads\apache-maven-3.9.9-bin\apache-maven-3.9.9\hello-world-app\target\classes;C:\Users\lapTe\.m2\repository\junit\junit\3.8.1\junit-3.8.1.jar;"/>
    <property name="java.vm.vendor" value="Oracle Corporation"/>
    <property name="sun.arch.data.model" value="64"/>
    <property name="user.variant" value=""/>
    <property name="java.vendor.url" value="https://java.oracle.com/"/>
    <property name="user.timezone" value="Africa/Lagos"/>
    <property name="os.name" value="Windows 11"/>
    <property name="java.vm.specification.version" value="21"/>
    <property name="sun.java.launcher" value="SUN_STANDARD"/>
    <property name="user.country" value="FR"/>
    <property name="sun.boot.library.path" value="C:\Program Files\Java\jdk-21\bin"/>
    <property name="sun.java.command" value="C:\Users\lapTe\AppData\Local\Temp\surefire12084754248029041127\surefirebooter-20241209095654738_3.jar C:\Users\lapTe\AppData\Local\Temp\surefire12084754248029041127 2024-12-09T09-56-53_278-jvmRun1 surefire-20241209095654738_1tmp surefire_0-20241209095654738_2tmp"/>
    <property name="jdk.debug" value="release"/>
    <property name="surefire.test.class.path" value="C:\Users\lapTe\Downloads\apache-maven-3.9.9-bin\apache-maven-3.9.9\hello-world-app\target\test-classes;C:\Users\lapTe\Downloads\apache-maven-3.9.9-bin\apache-maven-3.9.9\hello-world-app\target\classes;C:\Users\lapTe\.m2\repository\junit\junit\3.8.1\junit-3.8.1.jar;"/>
    <property name="sun.cpu.endian" value="little"/>
    <property name="user.home" value="C:\Users\lapTe"/>
    <property name="user.language" value="fr"/>
    <property name="java.specification.vendor" value="Oracle Corporation"/>
    <property name="java.version.date" value="2023-10-17"/>
    <property name="java.home" value="C:\Program Files\Java\jdk-21"/>
    <property name="file.separator" value="\"/>
    <property name="basedir" value="C:\Users\lapTe\Downloads\apache-maven-3.9.9-bin\apache-maven-3.9.9\hello-world-app"/>
    <property name="java.vm.compressedOopsMode" value="Zero based"/>
    <property name="line.separator" value="&#10;"/>
    <property name="java.vm.specification.vendor" value="Oracle Corporation"/>
    <property name="java.specification.name" value="Java Platform API Specification"/>
    <property name="surefire.real.class.path" value="C:\Users\lapTe\AppData\Local\Temp\surefire12084754248029041127\surefirebooter-20241209095654738_3.jar"/>
    <property name="user.script" value=""/>
    <property name="sun.management.compiler" value="HotSpot 64-Bit Tiered Compilers"/>
    <property name="java.runtime.version" value="21.0.1+12-LTS-29"/>
    <property name="user.name" value="Asus VivoBook"/>
    <property name="stdout.encoding" value="Cp1252"/>
    <property name="path.separator" value=";"/>
    <property name="os.version" value="10.0"/>
    <property name="java.runtime.name" value="Java(TM) SE Runtime Environment"/>
    <property name="file.encoding" value="UTF-8"/>
    <property name="java.vm.name" value="Java HotSpot(TM) 64-Bit Server VM"/>
    <property name="localRepository" value="C:\Users\lapTe\.m2\repository"/>
    <property name="java.vendor.url.bug" value="https://bugreport.java.com/bugreport/"/>
    <property name="java.io.tmpdir" value="C:\Users\lapTe\AppData\Local\Temp\"/>
    <property name="java.version" value="21.0.1"/>
    <property name="user.dir" value="C:\Users\lapTe\Downloads\apache-maven-3.9.9-bin\apache-maven-3.9.9\hello-world-app"/>
    <property name="os.arch" value="amd64"/>
    <property name="java.vm.specification.name" value="Java Virtual Machine Specification"/>
    <property name="sun.os.patch.level" value=""/>
    <property name="native.encoding" value="Cp1252"/>
    <property name="java.library.path" value="C:\Program Files\Java\jdk-21\bin;C:\WINDOWS\Sun\Java\bin;C:\WINDOWS\system32;C:\WINDOWS;C:\Program Files\Common Files\Oracle\Java\javapath;C:\app\product\11.2.0\dbhome_1\bin;C:\Users\lapTe\OneDrive\Bureau\oracle\dbhomeXE\bin;C:\Windows\system32;C:\Windows;C:\Windows\System32\Wbem;C:\Windows\System32\WindowsPowerShell\v1.0\;C:\Windows\System32\OpenSSH\;C:\Program Files (x86)\NVIDIA Corporation\PhysX\Common;C:\Program Files\NVIDIA Corporation\NVIDIA NvDLISR;C:\Program Files\Microsoft SQL Server\150\Tools\Binn\;C:\Program Files\Microsoft SQL Server\Client SDK\ODBC\170\Tools\Binn\;C:\xampp\php;C:\ProgramData\ComposerSetup\bin;C:\Program Files\Microsoft SQL Server\130\DTS\Binn\;C:\Program Files\Microsoft SQL Server\140\DTS\Binn\;C:\Program Files\Microsoft SQL Server\150\DTS\Binn\;C:\Program Files\Microsoft SQL Server\160\DTS\Binn\;C:\Program Files (x86)\Microsoft SQL Server\150\Tools\Binn\;C:\Program Files (x86)\Microsoft SQL Server\150\DTS\Binn\;C:\Program Files\Azure Data Studio\bin;C:\Program Files\nodejs\;C:\Program Files\Git\cmd;C:\Program Files\Docker\Docker\resources\bin;C:\Program Files\Microsoft SQL Server\130\Tools\Binn\;C:\WINDOWS\system32;C:\WINDOWS;C:\WINDOWS\System32\Wbem;C:\WINDOWS\System32\WindowsPowerShell\v1.0\;C:\WINDOWS\System32\OpenSSH\;C:\Users\lapTe\AppData\Local\Pub\Cache\bin;;C:\Users\lapTe\.config\herd\bin\nvm;C:\Program Files\nodejs;C:\Users\lapTe\.config\herd\bin;C:\Users\lapTe\AppData\Local\Programs\Python\Launcher\;C:\Users\lapTe\AppData\Local\Microsoft\WindowsApps;C:\Users\lapTe\AppData\Roaming\Composer\vendor\bin;C:\Users\lapTe\composer;C:\Program Files\Azure Data Studio\bin;C:\Program Files\JetBrains\PyCharm 2023.3.2\bin;;C:\Users\lapTe\AppData\Roaming\npm;C:\Program Files\Java\jdk-21\bin;C:\Android_SDK\platform-tools;C:\Android_SDK\tools;C:\Android_SDK\tools\bin;C:\Flutter_SDK\bin;C:\Users\lapTe\AppData\Local\GitHubDesktop\bin;C:\Users\lapTe\AppData\Local\Programs\Microsoft VS Code\bin;C:\Users\lapTe\AppData\Local\Pub\Cache\bin;C:\Users\lapTe\AppData\Local\Microsoft\WindowsApps\python.exe;C:\Program Files\JetBrains\IntelliJ IDEA Community Edition 2024.1.2\bin;;C:\Users\lapTe\OneDrive\Bureau\3Ã©me genie info\SOA\apache-ant-1.10.15\bin;;C:\Users\lapTe\Downloads\apache-maven-3.9.9-bin\bin;C:\Users\lapTe\Downloads\apache-maven-3.9.9-bin\apache-maven-3.9.9\bin;."/>
    <property name="java.vm.info" value="mixed mode, sharing"/>
    <property name="stderr.encoding" value="Cp1252"/>
    <property name="java.vendor" value="Oracle Corporation"/>
    <property name="java.vm.version" value="21.0.1+12-LTS-29"/>
    <property name="sun.io.unicode.encoding" value="UnicodeLittle"/>
    <property name="java.class.version" value="65.0"/>
  </properties>
  <testcase name="testApp" classname="com.formation.integcontinue.AppTest" time="0.007"/>
</testsuite>